2021-12-28 23:13:16,224:INFO:PyCaret Supervised Module
2021-12-28 23:13:16,224:INFO:ML Usecase: anomaly
2021-12-28 23:13:16,224:INFO:version 2.3.5
2021-12-28 23:13:16,224:INFO:Initializing setup()
2021-12-28 23:13:16,224:INFO:setup(target=None, ml_usecase=anomaly, available_plots={'tsne': 'Anomaly TSnE (3d)', 'umap': 'UMAP Dimensionality'}, train_size=0.7, test_data=None, preprocess=True, imputation_type=simple, iterative_imputation_iters=5, categorical_features=None, categorical_imputation=mode, categorical_iterative_imputer=lightgbm, ordinal_features=None, high_cardinality_features=None, high_cardinality_method=frequency, numeric_features=None, numeric_imputation=mean, numeric_iterative_imputer=lightgbm, date_features=None, ignore_features=None, normalize=False, normalize_method=zscore, transformation=False, transformation_method=yeo-johnson, handle_unknown_categorical=True, unknown_categorical_method=least_frequent, pca=False, pca_method=linear, pca_components=None, ignore_low_variance=False, combine_rare_levels=False, rare_level_threshold=0.1, bin_numeric_features=None, remove_outliers=False, outliers_threshold=0.05, remove_multicollinearity=False, multicollinearity_threshold=0.9, remove_perfect_collinearity=False, create_clusters=False, cluster_iter=20, polynomial_features=False, polynomial_degree=2, trigonometry_features=False, polynomial_threshold=0.1, group_features=None, group_names=None, feature_selection=False, feature_selection_threshold=0.8, feature_selection_method=classic, feature_interaction=False, feature_ratio=False, interaction_threshold=0.01, fix_imbalance=False, fix_imbalance_method=None, transform_target=False, transform_target_method=box-cox, data_split_shuffle=False, data_split_stratify=False, fold_strategy=kfold, fold=10, fold_shuffle=False, fold_groups=None, n_jobs=-1, use_gpu=False, custom_pipeline=None, html=True, session_id=None, log_experiment=False, experiment_name=None, log_plots=False, log_profile=False, log_data=False, silent=True, verbose=True, profile=False, profile_kwargs=None, display=None)
2021-12-28 23:13:16,225:INFO:Checking environment
2021-12-28 23:13:16,225:INFO:python_version: 3.8.12
2021-12-28 23:13:16,225:INFO:python_build: ('default', 'Oct 12 2021 03:01:40')
2021-12-28 23:13:16,225:INFO:machine: AMD64
2021-12-28 23:13:16,237:INFO:platform: Windows-10-10.0.19042-SP0
2021-12-28 23:13:16,238:WARNING:cannot find psutil installation. memory not traceable. Install psutil using pip to enable memory logging.
2021-12-28 23:13:16,238:INFO:Checking libraries
2021-12-28 23:13:16,238:INFO:pd==1.3.5
2021-12-28 23:13:16,238:INFO:numpy==1.19.5
2021-12-28 23:13:16,238:INFO:sklearn==0.23.2
2021-12-28 23:13:16,239:INFO:lightgbm==3.3.1
2021-12-28 23:13:16,239:WARNING:catboost not found
2021-12-28 23:13:16,240:WARNING:xgboost not found
2021-12-28 23:13:16,712:INFO:mlflow==1.22.0
2021-12-28 23:13:16,712:INFO:Checking Exceptions
2021-12-28 23:13:16,713:INFO:Declaring global variables
2021-12-28 23:13:16,713:INFO:USI: 854e
2021-12-28 23:13:16,713:INFO:pycaret_globals: {'fix_imbalance_method_param', 'prep_pipe', 'fold_groups_param_full', 'fold_param', 'exp_name_log', '_all_models_internal', 'data_before_preprocess', 'stratify_param', '_all_models', 'fix_imbalance_param', '_gpu_n_jobs_param', 'n_jobs_param', 'fold_generator', 'X', 'log_plots_param', 'html_param', '_ml_usecase', 'pycaret_globals', 'display_container', '_internal_pipeline', 'logging_param', 'transform_target_param', 'gpu_param', 'seed', 'imputation_regressor', 'iterative_imputation_iters_param', 'transform_target_method_param', 'USI', '_available_plots', 'fold_shuffle_param', 'imputation_classifier', 'create_model_container', 'fold_groups_param', 'master_model_container', 'target_param', '_all_metrics', 'experiment__'}
2021-12-28 23:13:16,713:INFO:Preparing display monitor
2021-12-28 23:13:16,713:INFO:Preparing display monitor
2021-12-28 23:13:16,723:INFO:Importing libraries
2021-12-28 23:13:16,723:INFO:Copying data for preprocessing
2021-12-28 23:13:16,727:INFO:Declaring preprocessing parameters
2021-12-28 23:13:16,729:INFO:Creating preprocessing pipeline
2021-12-28 23:13:16,741:INFO:Preprocessing pipeline created successfully
2021-12-28 23:13:16,741:ERROR:(Process Exit): setup has been interupted with user command 'quit'. setup must rerun.
2021-12-28 23:13:16,741:INFO:Creating global containers
2021-12-28 23:13:16,742:INFO:Internal pipeline: Pipeline(memory=None, steps=[('empty_step', 'passthrough')], verbose=False)
2021-12-28 23:13:16,828:INFO:Creating grid variables
2021-12-28 23:13:16,831:INFO:create_model_container: 0
2021-12-28 23:13:16,831:INFO:master_model_container: 0
2021-12-28 23:13:16,831:INFO:display_container: 1
2021-12-28 23:13:16,836:INFO:Pipeline(memory=None,
         steps=[('dtypes',
                 DataTypes_Auto_infer(categorical_features=[],
                                      display_types=False, features_todrop=[],
                                      id_columns=[], ml_usecase='regression',
                                      numerical_features=[],
                                      target='UNSUPERVISED_DUMMY_TARGET',
                                      time_features=[])),
                ('imputer',
                 Simple_Imputer(categorical_strategy='most frequent',
                                fill_value_categorical=None,
                                fill_value_numerical=Non...
                ('scaling', 'passthrough'), ('P_transform', 'passthrough'),
                ('binn', 'passthrough'), ('rem_outliers', 'passthrough'),
                ('cluster_all', 'passthrough'),
                ('dummy', Dummify(target='UNSUPERVISED_DUMMY_TARGET')),
                ('fix_perfect', 'passthrough'),
                ('clean_names', Clean_Colum_Names()),
                ('feature_select', 'passthrough'), ('fix_multi', 'passthrough'),
                ('dfs', 'passthrough'), ('pca', 'passthrough')],
         verbose=False)
2021-12-28 23:13:16,836:INFO:setup() succesfully completed......................................
2021-12-28 23:13:16,896:INFO:gpu_param set to False
2021-12-28 23:28:20,847:INFO:PyCaret Supervised Module
2021-12-28 23:28:20,848:INFO:ML Usecase: anomaly
2021-12-28 23:28:20,848:INFO:version 2.3.5
2021-12-28 23:28:20,848:INFO:Initializing setup()
2021-12-28 23:28:20,848:INFO:setup(target=None, ml_usecase=anomaly, available_plots={'tsne': 'Anomaly TSnE (3d)', 'umap': 'UMAP Dimensionality'}, train_size=0.7, test_data=None, preprocess=True, imputation_type=simple, iterative_imputation_iters=5, categorical_features=None, categorical_imputation=mode, categorical_iterative_imputer=lightgbm, ordinal_features=None, high_cardinality_features=None, high_cardinality_method=frequency, numeric_features=None, numeric_imputation=mean, numeric_iterative_imputer=lightgbm, date_features=None, ignore_features=None, normalize=False, normalize_method=zscore, transformation=False, transformation_method=yeo-johnson, handle_unknown_categorical=True, unknown_categorical_method=least_frequent, pca=False, pca_method=linear, pca_components=None, ignore_low_variance=False, combine_rare_levels=False, rare_level_threshold=0.1, bin_numeric_features=None, remove_outliers=False, outliers_threshold=0.05, remove_multicollinearity=False, multicollinearity_threshold=0.9, remove_perfect_collinearity=False, create_clusters=False, cluster_iter=20, polynomial_features=False, polynomial_degree=2, trigonometry_features=False, polynomial_threshold=0.1, group_features=None, group_names=None, feature_selection=False, feature_selection_threshold=0.8, feature_selection_method=classic, feature_interaction=False, feature_ratio=False, interaction_threshold=0.01, fix_imbalance=False, fix_imbalance_method=None, transform_target=False, transform_target_method=box-cox, data_split_shuffle=False, data_split_stratify=False, fold_strategy=kfold, fold=10, fold_shuffle=False, fold_groups=None, n_jobs=-1, use_gpu=False, custom_pipeline=None, html=True, session_id=None, log_experiment=False, experiment_name=None, log_plots=False, log_profile=False, log_data=False, silent=True, verbose=True, profile=False, profile_kwargs=None, display=None)
2021-12-28 23:28:20,848:INFO:Checking environment
2021-12-28 23:28:20,848:INFO:python_version: 3.8.12
2021-12-28 23:28:20,848:INFO:python_build: ('default', 'Oct 12 2021 03:01:40')
2021-12-28 23:28:20,848:INFO:machine: AMD64
2021-12-28 23:28:20,859:INFO:platform: Windows-10-10.0.19042-SP0
2021-12-28 23:28:20,860:WARNING:cannot find psutil installation. memory not traceable. Install psutil using pip to enable memory logging.
2021-12-28 23:28:20,860:INFO:Checking libraries
2021-12-28 23:28:20,860:INFO:pd==1.3.5
2021-12-28 23:28:20,860:INFO:numpy==1.19.5
2021-12-28 23:28:20,860:INFO:sklearn==0.23.2
2021-12-28 23:28:20,860:INFO:lightgbm==3.3.1
2021-12-28 23:28:20,861:WARNING:catboost not found
2021-12-28 23:28:20,862:WARNING:xgboost not found
2021-12-28 23:28:21,375:INFO:mlflow==1.22.0
2021-12-28 23:28:21,376:INFO:Checking Exceptions
2021-12-28 23:28:21,376:INFO:Declaring global variables
2021-12-28 23:28:21,376:INFO:USI: be97
2021-12-28 23:28:21,376:INFO:pycaret_globals: {'create_model_container', '_all_models_internal', 'imputation_classifier', 'data_before_preprocess', 'fix_imbalance_method_param', '_all_metrics', '_ml_usecase', 'USI', 'pycaret_globals', 'fold_groups_param_full', 'html_param', 'fold_groups_param', 'seed', 'gpu_param', 'prep_pipe', 'imputation_regressor', '_internal_pipeline', 'fold_param', 'stratify_param', 'fix_imbalance_param', '_available_plots', 'display_container', 'iterative_imputation_iters_param', 'target_param', 'fold_generator', 'transform_target_param', '_all_models', 'logging_param', 'transform_target_method_param', 'exp_name_log', 'log_plots_param', 'n_jobs_param', 'X', 'experiment__', 'master_model_container', 'fold_shuffle_param', '_gpu_n_jobs_param'}
2021-12-28 23:28:21,376:INFO:Preparing display monitor
2021-12-28 23:28:21,376:INFO:Preparing display monitor
2021-12-28 23:28:21,384:INFO:Importing libraries
2021-12-28 23:28:21,385:INFO:Copying data for preprocessing
2021-12-28 23:28:21,390:INFO:Declaring preprocessing parameters
2021-12-28 23:28:21,391:INFO:Creating preprocessing pipeline
2021-12-28 23:28:21,404:INFO:Preprocessing pipeline created successfully
2021-12-28 23:28:21,404:ERROR:(Process Exit): setup has been interupted with user command 'quit'. setup must rerun.
2021-12-28 23:28:21,404:INFO:Creating global containers
2021-12-28 23:28:21,405:INFO:Internal pipeline: Pipeline(memory=None, steps=[('empty_step', 'passthrough')], verbose=False)
2021-12-28 23:28:21,500:INFO:Creating grid variables
2021-12-28 23:28:21,503:INFO:create_model_container: 0
2021-12-28 23:28:21,503:INFO:master_model_container: 0
2021-12-28 23:28:21,503:INFO:display_container: 1
2021-12-28 23:28:21,508:INFO:Pipeline(memory=None,
         steps=[('dtypes',
                 DataTypes_Auto_infer(categorical_features=[],
                                      display_types=False, features_todrop=[],
                                      id_columns=[], ml_usecase='regression',
                                      numerical_features=[],
                                      target='UNSUPERVISED_DUMMY_TARGET',
                                      time_features=[])),
                ('imputer',
                 Simple_Imputer(categorical_strategy='most frequent',
                                fill_value_categorical=None,
                                fill_value_numerical=Non...
                ('scaling', 'passthrough'), ('P_transform', 'passthrough'),
                ('binn', 'passthrough'), ('rem_outliers', 'passthrough'),
                ('cluster_all', 'passthrough'),
                ('dummy', Dummify(target='UNSUPERVISED_DUMMY_TARGET')),
                ('fix_perfect', 'passthrough'),
                ('clean_names', Clean_Colum_Names()),
                ('feature_select', 'passthrough'), ('fix_multi', 'passthrough'),
                ('dfs', 'passthrough'), ('pca', 'passthrough')],
         verbose=False)
2021-12-28 23:28:21,508:INFO:setup() succesfully completed......................................
2021-12-28 23:28:21,568:INFO:gpu_param set to False
2021-12-28 23:28:21,576:INFO:Initializing create_model()
2021-12-28 23:28:21,576:INFO:create_model(estimator=iforest, num_clusters=4, fraction=0.05, ground_truth=None, round=4, fit_kwargs=None, verbose=True, system=True, add_to_model_list=True, raise_num_clusters=False, display=None, kwargs={})
2021-12-28 23:28:21,576:INFO:Checking exceptions
2021-12-28 23:28:21,576:INFO:Preparing display monitor
2021-12-28 23:28:21,587:INFO:Importing libraries
2021-12-28 23:28:21,606:INFO:Importing untrained model
2021-12-28 23:28:21,617:INFO:Isolation Forest Imported succesfully
2021-12-28 23:28:21,627:INFO:Fitting Model
2021-12-28 23:28:22,085:INFO:IForest(behaviour='new', bootstrap=False, contamination=0.05,
    max_features=1.0, max_samples='auto', n_estimators=100, n_jobs=-1,
    random_state=4039, verbose=0)
2021-12-28 23:28:22,085:INFO:create_models() succesfully completed......................................
2021-12-28 23:28:22,085:INFO:Uploading results into container
2021-12-28 23:28:22,086:INFO:Uploading model into container now
2021-12-28 23:28:22,086:INFO:create_model_container: 1
2021-12-28 23:28:22,086:INFO:master_model_container: 1
2021-12-28 23:28:22,086:INFO:display_container: 2
2021-12-28 23:28:22,086:INFO:IForest(behaviour='new', bootstrap=False, contamination=0.05,
    max_features=1.0, max_samples='auto', n_estimators=100, n_jobs=-1,
    random_state=4039, verbose=0)
2021-12-28 23:28:22,087:INFO:create_model() succesfully completed......................................
2021-12-28 23:28:22,146:INFO:Initializing assign_model()
2021-12-28 23:28:22,146:INFO:assign_model(model=IForest(behaviour='new', bootstrap=False, contamination=0.05,
    max_features=1.0, max_samples='auto', n_estimators=100, n_jobs=-1,
    random_state=4039, verbose=0), transformation=False, score=True, verbose=True)
2021-12-28 23:28:22,146:INFO:Checking exceptions
2021-12-28 23:28:22,146:INFO:Determining Trained Model
2021-12-28 23:28:22,146:INFO:Trained Model : Isolation Forest
2021-12-28 23:28:22,146:INFO:Copying data
2021-12-28 23:28:22,147:INFO:(559, 32)
2021-12-28 23:28:22,147:INFO:assign_model() succesfully completed......................................
2021-12-28 23:28:22,147:INFO:Initializing plot_model()
2021-12-28 23:28:22,147:INFO:plot_model(fold=None, use_train_data=False, verbose=True, is_in_evaluate=False, display=None, display_format=None, estimator=IForest(behaviour='new', bootstrap=False, contamination=0.05,
    max_features=1.0, max_samples='auto', n_estimators=100, n_jobs=-1,
    random_state=4039, verbose=0), feature_name=None, fit_kwargs=None, groups=None, label=False, plot=tsne, save=False, scale=1, system=True)
2021-12-28 23:28:22,147:INFO:Checking exceptions
2021-12-28 23:28:22,147:INFO:Preparing display monitor
2021-12-28 23:28:22,152:INFO:Preloading libraries
2021-12-28 23:28:22,160:INFO:Copying training dataset
2021-12-28 23:28:22,160:INFO:Plot type: tsne
2021-12-28 23:28:22,208:INFO:SubProcess assign_model() called ==================================
2021-12-28 23:28:22,208:INFO:Initializing assign_model()
2021-12-28 23:28:22,208:INFO:assign_model(model=IForest(behaviour='new', bootstrap=False, contamination=0.05,
    max_features=1.0, max_samples='auto', n_estimators=100, n_jobs=-1,
    random_state=4039, verbose=0), transformation=True, score=False, verbose=False)
2021-12-28 23:28:22,208:INFO:Checking exceptions
2021-12-28 23:28:22,208:INFO:Determining Trained Model
2021-12-28 23:28:22,208:INFO:Trained Model : Isolation Forest
2021-12-28 23:28:22,208:INFO:Copying data
2021-12-28 23:28:22,209:INFO:Transformation param set to True. Assigned clusters are attached on transformed dataset.
2021-12-28 23:28:22,209:INFO:(559, 31)
2021-12-28 23:28:22,209:INFO:assign_model() succesfully completed......................................
2021-12-28 23:28:22,209:INFO:SubProcess assign_model() end ==================================
2021-12-28 23:28:22,211:INFO:Getting dummies to cast categorical variables
2021-12-28 23:28:22,211:INFO:Fitting TSNE()
2021-12-28 23:28:24,778:INFO:Rendering Visual
2021-12-28 23:28:25,914:INFO:Visual Rendered Successfully
2021-12-28 23:28:26,010:INFO:plot_model() succesfully completed......................................
2021-12-28 23:28:26,011:INFO:Initializing plot_model()
2021-12-28 23:28:26,011:INFO:plot_model(fold=None, use_train_data=False, verbose=True, is_in_evaluate=False, display=None, display_format=None, estimator=IForest(behaviour='new', bootstrap=False, contamination=0.05,
    max_features=1.0, max_samples='auto', n_estimators=100, n_jobs=-1,
    random_state=4039, verbose=0), feature_name=None, fit_kwargs=None, groups=None, label=False, plot=umap, save=False, scale=1, system=True)
2021-12-28 23:28:26,011:INFO:Checking exceptions
2021-12-28 23:28:26,011:INFO:Preparing display monitor
2021-12-28 23:28:26,016:INFO:Preloading libraries
2021-12-28 23:28:26,026:INFO:Copying training dataset
2021-12-28 23:28:26,026:INFO:Plot type: umap
2021-12-28 23:28:26,074:INFO:SubProcess assign_model() called ==================================
2021-12-28 23:28:26,074:INFO:Initializing assign_model()
2021-12-28 23:28:26,074:INFO:assign_model(model=IForest(behaviour='new', bootstrap=False, contamination=0.05,
    max_features=1.0, max_samples='auto', n_estimators=100, n_jobs=-1,
    random_state=4039, verbose=0), transformation=True, score=False, verbose=False)
2021-12-28 23:28:26,074:INFO:Checking exceptions
2021-12-28 23:28:26,074:INFO:Determining Trained Model
2021-12-28 23:28:26,075:INFO:Trained Model : Isolation Forest
2021-12-28 23:28:26,075:INFO:Copying data
2021-12-28 23:28:26,075:INFO:Transformation param set to True. Assigned clusters are attached on transformed dataset.
2021-12-28 23:28:26,075:INFO:(559, 31)
2021-12-28 23:28:26,075:INFO:assign_model() succesfully completed......................................
2021-12-28 23:28:26,075:INFO:SubProcess assign_model() end ==================================
2021-12-28 23:28:44,127:INFO:Fitting UMAP()
2021-12-28 23:28:55,597:INFO:Rendering Visual
2021-12-28 23:28:55,944:INFO:Visual Rendered Successfully
2021-12-28 23:28:56,169:INFO:plot_model() succesfully completed......................................
2021-12-28 23:28:56,175:INFO:Initializing save_model()
2021-12-28 23:28:56,175:INFO:save_model(model=IForest(behaviour='new', bootstrap=False, contamination=0.05,
    max_features=1.0, max_samples='auto', n_estimators=100, n_jobs=-1,
    random_state=4039, verbose=0), model_name=iforest_model, prep_pipe_=Pipeline(memory=None,
         steps=[('dtypes',
                 DataTypes_Auto_infer(categorical_features=[],
                                      display_types=False, features_todrop=[],
                                      id_columns=[], ml_usecase='regression',
                                      numerical_features=[],
                                      target='UNSUPERVISED_DUMMY_TARGET',
                                      time_features=[])),
                ('imputer',
                 Simple_Imputer(categorical_strategy='most frequent',
                                fill_value_categorical=None,
                                fill_value_numerical=Non...
                ('scaling', 'passthrough'), ('P_transform', 'passthrough'),
                ('binn', 'passthrough'), ('rem_outliers', 'passthrough'),
                ('cluster_all', 'passthrough'),
                ('dummy', Dummify(target='UNSUPERVISED_DUMMY_TARGET')),
                ('fix_perfect', 'passthrough'),
                ('clean_names', Clean_Colum_Names()),
                ('feature_select', 'passthrough'), ('fix_multi', 'passthrough'),
                ('dfs', 'passthrough'), ('pca', 'passthrough')],
         verbose=False), verbose=True, kwargs={})
2021-12-28 23:28:56,175:INFO:Adding model into prep_pipe
2021-12-28 23:28:56,228:INFO:iforest_model.pkl saved in current working directory
2021-12-28 23:28:56,234:INFO:Pipeline(memory=None,
         steps=[('dtypes',
                 DataTypes_Auto_infer(categorical_features=[],
                                      display_types=False, features_todrop=[],
                                      id_columns=[], ml_usecase='regression',
                                      numerical_features=[],
                                      target='UNSUPERVISED_DUMMY_TARGET',
                                      time_features=[])),
                ('imputer',
                 Simple_Imputer(categorical_strategy='most frequent',
                                fill_value_categorical=None,
                                fill_value_numerical=Non...
                ('fix_perfect', 'passthrough'),
                ('clean_names', Clean_Colum_Names()),
                ('feature_select', 'passthrough'), ('fix_multi', 'passthrough'),
                ('dfs', 'passthrough'), ('pca', 'passthrough'),
                ['trained_model',
                 IForest(behaviour='new', bootstrap=False, contamination=0.05,
    max_features=1.0, max_samples='auto', n_estimators=100, n_jobs=-1,
    random_state=4039, verbose=0)]],
         verbose=False)
2021-12-28 23:28:56,234:INFO:save_model() successfully completed......................................
2021-12-28 23:28:56,357:INFO:Initializing load_model()
2021-12-28 23:28:56,357:INFO:load_model(model_name=iforest_model, platform=None, authentication=None, verbose=True)
2021-12-28 23:34:37,820:INFO:PyCaret Supervised Module
2021-12-28 23:34:37,820:INFO:ML Usecase: anomaly
2021-12-28 23:34:37,820:INFO:version 2.3.5
2021-12-28 23:34:37,820:INFO:Initializing setup()
2021-12-28 23:34:37,820:INFO:setup(target=None, ml_usecase=anomaly, available_plots={'tsne': 'Anomaly TSnE (3d)', 'umap': 'UMAP Dimensionality'}, train_size=0.7, test_data=None, preprocess=True, imputation_type=simple, iterative_imputation_iters=5, categorical_features=None, categorical_imputation=mode, categorical_iterative_imputer=lightgbm, ordinal_features=None, high_cardinality_features=None, high_cardinality_method=frequency, numeric_features=None, numeric_imputation=mean, numeric_iterative_imputer=lightgbm, date_features=None, ignore_features=None, normalize=False, normalize_method=zscore, transformation=False, transformation_method=yeo-johnson, handle_unknown_categorical=True, unknown_categorical_method=least_frequent, pca=False, pca_method=linear, pca_components=None, ignore_low_variance=False, combine_rare_levels=False, rare_level_threshold=0.1, bin_numeric_features=None, remove_outliers=False, outliers_threshold=0.05, remove_multicollinearity=False, multicollinearity_threshold=0.9, remove_perfect_collinearity=False, create_clusters=False, cluster_iter=20, polynomial_features=False, polynomial_degree=2, trigonometry_features=False, polynomial_threshold=0.1, group_features=None, group_names=None, feature_selection=False, feature_selection_threshold=0.8, feature_selection_method=classic, feature_interaction=False, feature_ratio=False, interaction_threshold=0.01, fix_imbalance=False, fix_imbalance_method=None, transform_target=False, transform_target_method=box-cox, data_split_shuffle=False, data_split_stratify=False, fold_strategy=kfold, fold=10, fold_shuffle=False, fold_groups=None, n_jobs=-1, use_gpu=False, custom_pipeline=None, html=True, session_id=None, log_experiment=False, experiment_name=None, log_plots=False, log_profile=False, log_data=False, silent=True, verbose=True, profile=False, profile_kwargs=None, display=None)
2021-12-28 23:34:37,820:INFO:Checking environment
2021-12-28 23:34:37,820:INFO:python_version: 3.8.12
2021-12-28 23:34:37,820:INFO:python_build: ('default', 'Oct 12 2021 03:01:40')
2021-12-28 23:34:37,820:INFO:machine: AMD64
2021-12-28 23:34:37,831:INFO:platform: Windows-10-10.0.19042-SP0
2021-12-28 23:34:37,832:WARNING:cannot find psutil installation. memory not traceable. Install psutil using pip to enable memory logging.
2021-12-28 23:34:37,832:INFO:Checking libraries
2021-12-28 23:34:37,832:INFO:pd==1.3.5
2021-12-28 23:34:37,832:INFO:numpy==1.19.5
2021-12-28 23:34:37,832:INFO:sklearn==0.23.2
2021-12-28 23:34:37,833:INFO:lightgbm==3.3.1
2021-12-28 23:34:37,833:WARNING:catboost not found
2021-12-28 23:34:37,834:WARNING:xgboost not found
2021-12-28 23:34:38,272:INFO:mlflow==1.22.0
2021-12-28 23:34:38,272:INFO:Checking Exceptions
2021-12-28 23:34:38,272:INFO:Declaring global variables
2021-12-28 23:34:38,272:INFO:USI: 42df
2021-12-28 23:34:38,272:INFO:pycaret_globals: {'transform_target_method_param', '_all_models', 'pycaret_globals', 'fix_imbalance_method_param', 'exp_name_log', 'target_param', 'display_container', 'create_model_container', '_ml_usecase', 'fix_imbalance_param', 'experiment__', 'iterative_imputation_iters_param', 'seed', '_gpu_n_jobs_param', '_all_models_internal', 'USI', 'logging_param', 'fold_groups_param_full', 'html_param', 'transform_target_param', 'gpu_param', 'data_before_preprocess', 'n_jobs_param', 'prep_pipe', 'X', 'imputation_classifier', 'fold_groups_param', 'fold_param', 'fold_shuffle_param', '_available_plots', 'master_model_container', '_all_metrics', 'imputation_regressor', 'fold_generator', 'log_plots_param', 'stratify_param', '_internal_pipeline'}
2021-12-28 23:34:38,272:INFO:Preparing display monitor
2021-12-28 23:34:38,272:INFO:Preparing display monitor
2021-12-28 23:34:38,281:INFO:Importing libraries
2021-12-28 23:34:38,281:INFO:Copying data for preprocessing
2021-12-28 23:34:38,286:INFO:Declaring preprocessing parameters
2021-12-28 23:34:38,288:INFO:Creating preprocessing pipeline
2021-12-28 23:34:38,305:INFO:Preprocessing pipeline created successfully
2021-12-28 23:34:38,306:ERROR:(Process Exit): setup has been interupted with user command 'quit'. setup must rerun.
2021-12-28 23:34:38,306:INFO:Creating global containers
2021-12-28 23:34:38,307:INFO:Internal pipeline: Pipeline(memory=None, steps=[('empty_step', 'passthrough')], verbose=False)
2021-12-28 23:34:38,395:INFO:Creating grid variables
2021-12-28 23:34:38,398:INFO:create_model_container: 0
2021-12-28 23:34:38,399:INFO:master_model_container: 0
2021-12-28 23:34:38,399:INFO:display_container: 1
2021-12-28 23:34:38,403:INFO:Pipeline(memory=None,
         steps=[('dtypes',
                 DataTypes_Auto_infer(categorical_features=[],
                                      display_types=False, features_todrop=[],
                                      id_columns=[], ml_usecase='regression',
                                      numerical_features=[],
                                      target='UNSUPERVISED_DUMMY_TARGET',
                                      time_features=[])),
                ('imputer',
                 Simple_Imputer(categorical_strategy='most frequent',
                                fill_value_categorical=None,
                                fill_value_numerical=Non...
                ('scaling', 'passthrough'), ('P_transform', 'passthrough'),
                ('binn', 'passthrough'), ('rem_outliers', 'passthrough'),
                ('cluster_all', 'passthrough'),
                ('dummy', Dummify(target='UNSUPERVISED_DUMMY_TARGET')),
                ('fix_perfect', 'passthrough'),
                ('clean_names', Clean_Colum_Names()),
                ('feature_select', 'passthrough'), ('fix_multi', 'passthrough'),
                ('dfs', 'passthrough'), ('pca', 'passthrough')],
         verbose=False)
2021-12-28 23:34:38,403:INFO:setup() succesfully completed......................................
2021-12-28 23:34:38,463:INFO:gpu_param set to False
2021-12-28 23:34:38,470:INFO:Initializing create_model()
2021-12-28 23:34:38,470:INFO:create_model(estimator=iforest, num_clusters=4, fraction=0.05, ground_truth=None, round=4, fit_kwargs=None, verbose=True, system=True, add_to_model_list=True, raise_num_clusters=False, display=None, kwargs={})
2021-12-28 23:34:38,470:INFO:Checking exceptions
2021-12-28 23:34:38,470:INFO:Preparing display monitor
2021-12-28 23:34:38,481:INFO:Importing libraries
2021-12-28 23:34:38,493:INFO:Importing untrained model
2021-12-28 23:34:38,503:INFO:Isolation Forest Imported succesfully
2021-12-28 23:34:38,513:INFO:Fitting Model
2021-12-28 23:34:38,959:INFO:IForest(behaviour='new', bootstrap=False, contamination=0.05,
    max_features=1.0, max_samples='auto', n_estimators=100, n_jobs=-1,
    random_state=2954, verbose=0)
2021-12-28 23:34:38,959:INFO:create_models() succesfully completed......................................
2021-12-28 23:34:38,960:INFO:Uploading results into container
2021-12-28 23:34:38,960:INFO:Uploading model into container now
2021-12-28 23:34:38,960:INFO:create_model_container: 1
2021-12-28 23:34:38,960:INFO:master_model_container: 1
2021-12-28 23:34:38,960:INFO:display_container: 2
2021-12-28 23:34:38,961:INFO:IForest(behaviour='new', bootstrap=False, contamination=0.05,
    max_features=1.0, max_samples='auto', n_estimators=100, n_jobs=-1,
    random_state=2954, verbose=0)
2021-12-28 23:34:38,961:INFO:create_model() succesfully completed......................................
2021-12-28 23:34:39,018:INFO:Initializing assign_model()
2021-12-28 23:34:39,018:INFO:assign_model(model=IForest(behaviour='new', bootstrap=False, contamination=0.05,
    max_features=1.0, max_samples='auto', n_estimators=100, n_jobs=-1,
    random_state=2954, verbose=0), transformation=False, score=True, verbose=True)
2021-12-28 23:34:39,018:INFO:Checking exceptions
2021-12-28 23:34:39,018:INFO:Determining Trained Model
2021-12-28 23:34:39,018:INFO:Trained Model : Isolation Forest
2021-12-28 23:34:39,019:INFO:Copying data
2021-12-28 23:34:39,019:INFO:(559, 32)
2021-12-28 23:34:39,020:INFO:assign_model() succesfully completed......................................
2021-12-28 23:34:39,025:INFO:Initializing save_model()
2021-12-28 23:34:39,025:INFO:save_model(model=IForest(behaviour='new', bootstrap=False, contamination=0.05,
    max_features=1.0, max_samples='auto', n_estimators=100, n_jobs=-1,
    random_state=2954, verbose=0), model_name=iforest_model, prep_pipe_=Pipeline(memory=None,
         steps=[('dtypes',
                 DataTypes_Auto_infer(categorical_features=[],
                                      display_types=False, features_todrop=[],
                                      id_columns=[], ml_usecase='regression',
                                      numerical_features=[],
                                      target='UNSUPERVISED_DUMMY_TARGET',
                                      time_features=[])),
                ('imputer',
                 Simple_Imputer(categorical_strategy='most frequent',
                                fill_value_categorical=None,
                                fill_value_numerical=Non...
                ('scaling', 'passthrough'), ('P_transform', 'passthrough'),
                ('binn', 'passthrough'), ('rem_outliers', 'passthrough'),
                ('cluster_all', 'passthrough'),
                ('dummy', Dummify(target='UNSUPERVISED_DUMMY_TARGET')),
                ('fix_perfect', 'passthrough'),
                ('clean_names', Clean_Colum_Names()),
                ('feature_select', 'passthrough'), ('fix_multi', 'passthrough'),
                ('dfs', 'passthrough'), ('pca', 'passthrough')],
         verbose=False), verbose=True, kwargs={})
2021-12-28 23:34:39,026:INFO:Adding model into prep_pipe
2021-12-28 23:34:39,075:INFO:iforest_model.pkl saved in current working directory
2021-12-28 23:34:39,081:INFO:Pipeline(memory=None,
         steps=[('dtypes',
                 DataTypes_Auto_infer(categorical_features=[],
                                      display_types=False, features_todrop=[],
                                      id_columns=[], ml_usecase='regression',
                                      numerical_features=[],
                                      target='UNSUPERVISED_DUMMY_TARGET',
                                      time_features=[])),
                ('imputer',
                 Simple_Imputer(categorical_strategy='most frequent',
                                fill_value_categorical=None,
                                fill_value_numerical=Non...
                ('fix_perfect', 'passthrough'),
                ('clean_names', Clean_Colum_Names()),
                ('feature_select', 'passthrough'), ('fix_multi', 'passthrough'),
                ('dfs', 'passthrough'), ('pca', 'passthrough'),
                ['trained_model',
                 IForest(behaviour='new', bootstrap=False, contamination=0.05,
    max_features=1.0, max_samples='auto', n_estimators=100, n_jobs=-1,
    random_state=2954, verbose=0)]],
         verbose=False)
2021-12-28 23:34:39,081:INFO:save_model() successfully completed......................................
2021-12-28 23:34:39,140:INFO:Initializing load_model()
2021-12-28 23:34:39,140:INFO:load_model(model_name=iforest_model, platform=None, authentication=None, verbose=True)
